[1.254s] DEBUG:colcon:Command line arguments: ['/usr/bin/colcon', 'build', '--packages-select', 'test1']
[1.255s] DEBUG:colcon:Parsed command line arguments: Namespace(log_base=None, log_level=None, verb_name='build', build_base='build', install_base='install', merge_install=False, symlink_install=False, test_result_base=None, continue_on_error=False, executor='parallel', parallel_workers=4, event_handlers=None, ignore_user_meta=False, metas=['./colcon.meta'], base_paths=['.'], packages_ignore=None, packages_ignore_regex=None, paths=None, packages_up_to=None, packages_up_to_regex=None, packages_above=None, packages_above_and_dependencies=None, packages_above_depth=None, packages_select_by_dep=None, packages_skip_by_dep=None, packages_skip_up_to=None, packages_select_build_failed=False, packages_skip_build_finished=False, packages_select_test_failures=False, packages_skip_test_passed=False, packages_select=['test1'], packages_skip=None, packages_select_regex=None, packages_skip_regex=None, packages_start=None, packages_end=None, allow_overriding=[], cmake_args=None, cmake_target=None, cmake_target_skip_unavailable=False, cmake_clean_cache=False, cmake_clean_first=False, cmake_force_configure=False, ament_cmake_args=None, catkin_cmake_args=None, catkin_skip_building_tests=False, verb_parser=<colcon_defaults.argument_parser.defaults.DefaultArgumentsDecorator object at 0xffffbc3cc2b0>, verb_extension=<colcon_core.verb.build.BuildVerb object at 0xffffbce1f160>, main=<bound method BuildVerb.main of <colcon_core.verb.build.BuildVerb object at 0xffffbce1f160>>)
[1.371s] Level 1:colcon.colcon_core.package_discovery:discover_packages(colcon_meta) check parameters
[1.372s] Level 1:colcon.colcon_core.package_discovery:discover_packages(recursive) check parameters
[1.372s] Level 1:colcon.colcon_core.package_discovery:discover_packages(ignore) check parameters
[1.372s] Level 1:colcon.colcon_core.package_discovery:discover_packages(path) check parameters
[1.372s] Level 1:colcon.colcon_core.package_discovery:discover_packages(colcon_meta) discover
[1.373s] Level 1:colcon.colcon_core.package_discovery:discover_packages(recursive) discover
[1.373s] INFO:colcon.colcon_core.package_discovery:Crawling recursively for packages in '/home/rahel/Documents/my_robot/ros_ws'
[1.374s] Level 1:colcon.colcon_core.package_identification:_identify(.) by extensions ['ignore', 'ignore_ament_install']
[1.377s] Level 1:colcon.colcon_core.package_identification:_identify(.) by extension 'ignore'
[1.377s] Level 1:colcon.colcon_core.package_identification:_identify(.) by extension 'ignore_ament_install'
[1.378s] Level 1:colcon.colcon_core.package_identification:_identify(.) by extensions ['colcon_pkg']
[1.378s] Level 1:colcon.colcon_core.package_identification:_identify(.) by extension 'colcon_pkg'
[1.378s] Level 1:colcon.colcon_core.package_identification:_identify(.) by extensions ['colcon_meta']
[1.378s] Level 1:colcon.colcon_core.package_identification:_identify(.) by extension 'colcon_meta'
[1.378s] Level 1:colcon.colcon_core.package_identification:_identify(.) by extensions ['ros']
[1.378s] Level 1:colcon.colcon_core.package_identification:_identify(.) by extension 'ros'
[1.432s] Level 1:colcon.colcon_core.package_identification:_identify(.) by extensions ['cmake', 'python']
[1.433s] Level 1:colcon.colcon_core.package_identification:_identify(.) by extension 'cmake'
[1.433s] Level 1:colcon.colcon_core.package_identification:_identify(.) by extension 'python'
[1.433s] Level 1:colcon.colcon_core.package_identification:_identify(.) by extensions ['python_setup_py']
[1.433s] Level 1:colcon.colcon_core.package_identification:_identify(.) by extension 'python_setup_py'
[1.434s] Level 1:colcon.colcon_core.package_identification:_identify(build) by extensions ['ignore', 'ignore_ament_install']
[1.434s] Level 1:colcon.colcon_core.package_identification:_identify(build) by extension 'ignore'
[1.435s] Level 1:colcon.colcon_core.package_identification:_identify(build) ignored
[1.436s] Level 1:colcon.colcon_core.package_identification:_identify(install) by extensions ['ignore', 'ignore_ament_install']
[1.436s] Level 1:colcon.colcon_core.package_identification:_identify(install) by extension 'ignore'
[1.437s] Level 1:colcon.colcon_core.package_identification:_identify(install) ignored
[1.437s] Level 1:colcon.colcon_core.package_identification:_identify(log) by extensions ['ignore', 'ignore_ament_install']
[1.438s] Level 1:colcon.colcon_core.package_identification:_identify(log) by extension 'ignore'
[1.438s] Level 1:colcon.colcon_core.package_identification:_identify(log) ignored
[1.439s] Level 1:colcon.colcon_core.package_identification:_identify(src) by extensions ['ignore', 'ignore_ament_install']
[1.439s] Level 1:colcon.colcon_core.package_identification:_identify(src) by extension 'ignore'
[1.439s] Level 1:colcon.colcon_core.package_identification:_identify(src) by extension 'ignore_ament_install'
[1.440s] Level 1:colcon.colcon_core.package_identification:_identify(src) by extensions ['colcon_pkg']
[1.440s] Level 1:colcon.colcon_core.package_identification:_identify(src) by extension 'colcon_pkg'
[1.440s] Level 1:colcon.colcon_core.package_identification:_identify(src) by extensions ['colcon_meta']
[1.440s] Level 1:colcon.colcon_core.package_identification:_identify(src) by extension 'colcon_meta'
[1.440s] Level 1:colcon.colcon_core.package_identification:_identify(src) by extensions ['ros']
[1.441s] Level 1:colcon.colcon_core.package_identification:_identify(src) by extension 'ros'
[1.441s] Level 1:colcon.colcon_core.package_identification:_identify(src) by extensions ['cmake', 'python']
[1.441s] Level 1:colcon.colcon_core.package_identification:_identify(src) by extension 'cmake'
[1.441s] Level 1:colcon.colcon_core.package_identification:_identify(src) by extension 'python'
[1.442s] Level 1:colcon.colcon_core.package_identification:_identify(src) by extensions ['python_setup_py']
[1.442s] Level 1:colcon.colcon_core.package_identification:_identify(src) by extension 'python_setup_py'
[1.443s] Level 1:colcon.colcon_core.package_identification:_identify(src/test1) by extensions ['ignore', 'ignore_ament_install']
[1.443s] Level 1:colcon.colcon_core.package_identification:_identify(src/test1) by extension 'ignore'
[1.443s] Level 1:colcon.colcon_core.package_identification:_identify(src/test1) by extension 'ignore_ament_install'
[1.444s] Level 1:colcon.colcon_core.package_identification:_identify(src/test1) by extensions ['colcon_pkg']
[1.444s] Level 1:colcon.colcon_core.package_identification:_identify(src/test1) by extension 'colcon_pkg'
[1.444s] Level 1:colcon.colcon_core.package_identification:_identify(src/test1) by extensions ['colcon_meta']
[1.444s] Level 1:colcon.colcon_core.package_identification:_identify(src/test1) by extension 'colcon_meta'
[1.445s] Level 1:colcon.colcon_core.package_identification:_identify(src/test1) by extensions ['ros']
[1.445s] Level 1:colcon.colcon_core.package_identification:_identify(src/test1) by extension 'ros'
[1.455s] DEBUG:colcon.colcon_core.package_identification:Package 'src/test1' with type 'ros.ament_python' and name 'test1'
[1.456s] Level 1:colcon.colcon_core.package_discovery:discover_packages(recursive) using defaults
[1.456s] Level 1:colcon.colcon_core.package_discovery:discover_packages(ignore) discover
[1.456s] Level 1:colcon.colcon_core.package_discovery:discover_packages(ignore) using defaults
[1.457s] Level 1:colcon.colcon_core.package_discovery:discover_packages(path) discover
[1.457s] Level 1:colcon.colcon_core.package_discovery:discover_packages(path) using defaults
[1.608s] Level 1:colcon.colcon_core.package_discovery:discover_packages(prefix_path) check parameters
[1.609s] Level 1:colcon.colcon_core.package_discovery:discover_packages(prefix_path) discover
[1.627s] DEBUG:colcon.colcon_installed_package_information.package_discovery:Found 279 installed packages in /opt/ros/humble
[1.634s] Level 1:colcon.colcon_core.package_discovery:discover_packages(prefix_path) using defaults
[1.919s] Level 5:colcon.colcon_core.verb:set package 'test1' build argument 'cmake_args' from command line to 'None'
[1.919s] Level 5:colcon.colcon_core.verb:set package 'test1' build argument 'cmake_target' from command line to 'None'
[1.919s] Level 5:colcon.colcon_core.verb:set package 'test1' build argument 'cmake_target_skip_unavailable' from command line to 'False'
[1.919s] Level 5:colcon.colcon_core.verb:set package 'test1' build argument 'cmake_clean_cache' from command line to 'False'
[1.920s] Level 5:colcon.colcon_core.verb:set package 'test1' build argument 'cmake_clean_first' from command line to 'False'
[1.920s] Level 5:colcon.colcon_core.verb:set package 'test1' build argument 'cmake_force_configure' from command line to 'False'
[1.920s] Level 5:colcon.colcon_core.verb:set package 'test1' build argument 'ament_cmake_args' from command line to 'None'
[1.920s] Level 5:colcon.colcon_core.verb:set package 'test1' build argument 'catkin_cmake_args' from command line to 'None'
[1.920s] Level 5:colcon.colcon_core.verb:set package 'test1' build argument 'catkin_skip_building_tests' from command line to 'False'
[1.920s] DEBUG:colcon.colcon_core.verb:Building package 'test1' with the following arguments: {'ament_cmake_args': None, 'build_base': '/home/rahel/Documents/my_robot/ros_ws/build/test1', 'catkin_cmake_args': None, 'catkin_skip_building_tests': False, 'cmake_args': None, 'cmake_clean_cache': False, 'cmake_clean_first': False, 'cmake_force_configure': False, 'cmake_target': None, 'cmake_target_skip_unavailable': False, 'install_base': '/home/rahel/Documents/my_robot/ros_ws/install/test1', 'merge_install': False, 'path': '/home/rahel/Documents/my_robot/ros_ws/src/test1', 'symlink_install': False, 'test_result_base': None}
[1.922s] INFO:colcon.colcon_core.executor:Executing jobs using 'parallel' executor
[1.930s] DEBUG:colcon.colcon_parallel_executor.executor.parallel:run_until_complete
[1.931s] INFO:colcon.colcon_ros.task.ament_python.build:Building ROS package in '/home/rahel/Documents/my_robot/ros_ws/src/test1' with build type 'ament_python'
[1.931s] Level 1:colcon.colcon_core.shell:create_environment_hook('test1', 'ament_prefix_path')
[1.947s] INFO:colcon.colcon_core.plugin_system:Skipping extension 'colcon_core.shell.bat': Not used on non-Windows systems
[1.949s] INFO:colcon.colcon_core.shell:Creating environment hook '/home/rahel/Documents/my_robot/ros_ws/install/test1/share/test1/hook/ament_prefix_path.ps1'
[1.953s] INFO:colcon.colcon_core.shell:Creating environment descriptor '/home/rahel/Documents/my_robot/ros_ws/install/test1/share/test1/hook/ament_prefix_path.dsv'
[1.955s] INFO:colcon.colcon_core.shell:Creating environment hook '/home/rahel/Documents/my_robot/ros_ws/install/test1/share/test1/hook/ament_prefix_path.sh'
[1.962s] INFO:colcon.colcon_core.shell:Skip shell extension 'powershell' for command environment: Not usable outside of PowerShell
[1.962s] DEBUG:colcon.colcon_core.shell:Skip shell extension 'dsv' for command environment
[3.214s] INFO:colcon.colcon_core.task.python.build:Building Python package in '/home/rahel/Documents/my_robot/ros_ws/src/test1'
[3.216s] INFO:colcon.colcon_core.shell:Skip shell extension 'powershell' for command environment: Not usable outside of PowerShell
[3.217s] DEBUG:colcon.colcon_core.shell:Skip shell extension 'dsv' for command environment
[4.746s] DEBUG:colcon.colcon_core.event_handler.log_command:Invoking command in '/home/rahel/Documents/my_robot/ros_ws/src/test1': PYTHONPATH=/home/rahel/Documents/my_robot/ros_ws/install/test1/lib/python3.10/site-packages:${PYTHONPATH} /usr/bin/python3 setup.py egg_info --egg-base ../../build/test1 build --build-base /home/rahel/Documents/my_robot/ros_ws/build/test1/build install --prefix /home/rahel/Documents/my_robot/ros_ws/install/test1 --record /home/rahel/Documents/my_robot/ros_ws/build/test1/install.log --single-version-externally-managed
[6.174s] DEBUG:colcon.colcon_core.event_handler.log_command:Invoked command in '/home/rahel/Documents/my_robot/ros_ws/src/test1' returned '0': PYTHONPATH=/home/rahel/Documents/my_robot/ros_ws/install/test1/lib/python3.10/site-packages:${PYTHONPATH} /usr/bin/python3 setup.py egg_info --egg-base ../../build/test1 build --build-base /home/rahel/Documents/my_robot/ros_ws/build/test1/build install --prefix /home/rahel/Documents/my_robot/ros_ws/install/test1 --record /home/rahel/Documents/my_robot/ros_ws/build/test1/install.log --single-version-externally-managed
[6.191s] Level 1:colcon.colcon_core.environment:checking '/home/rahel/Documents/my_robot/ros_ws/install/test1' for CMake module files
[6.197s] Level 1:colcon.colcon_core.environment:checking '/home/rahel/Documents/my_robot/ros_ws/install/test1' for CMake config files
[6.201s] Level 1:colcon.colcon_core.environment:checking '/home/rahel/Documents/my_robot/ros_ws/install/test1/lib'
[6.203s] Level 1:colcon.colcon_core.environment:checking '/home/rahel/Documents/my_robot/ros_ws/install/test1/bin'
[6.204s] Level 1:colcon.colcon_core.environment:checking '/home/rahel/Documents/my_robot/ros_ws/install/test1/lib/pkgconfig/test1.pc'
[6.205s] Level 1:colcon.colcon_core.environment:checking '/home/rahel/Documents/my_robot/ros_ws/install/test1/lib/python3.10/site-packages'
[6.206s] Level 1:colcon.colcon_core.shell:create_environment_hook('test1', 'pythonpath')
[6.210s] INFO:colcon.colcon_core.shell:Creating environment hook '/home/rahel/Documents/my_robot/ros_ws/install/test1/share/test1/hook/pythonpath.ps1'
[6.214s] INFO:colcon.colcon_core.shell:Creating environment descriptor '/home/rahel/Documents/my_robot/ros_ws/install/test1/share/test1/hook/pythonpath.dsv'
[6.216s] INFO:colcon.colcon_core.shell:Creating environment hook '/home/rahel/Documents/my_robot/ros_ws/install/test1/share/test1/hook/pythonpath.sh'
[6.220s] Level 1:colcon.colcon_core.environment:checking '/home/rahel/Documents/my_robot/ros_ws/install/test1/bin'
[6.220s] Level 1:colcon.colcon_core.environment:create_environment_scripts_only(test1)
[6.223s] INFO:colcon.colcon_core.shell:Creating package script '/home/rahel/Documents/my_robot/ros_ws/install/test1/share/test1/package.ps1'
[6.227s] INFO:colcon.colcon_core.shell:Creating package descriptor '/home/rahel/Documents/my_robot/ros_ws/install/test1/share/test1/package.dsv'
[6.230s] INFO:colcon.colcon_core.shell:Creating package script '/home/rahel/Documents/my_robot/ros_ws/install/test1/share/test1/package.sh'
[6.233s] INFO:colcon.colcon_core.shell:Creating package script '/home/rahel/Documents/my_robot/ros_ws/install/test1/share/test1/package.bash'
[6.237s] INFO:colcon.colcon_core.shell:Creating package script '/home/rahel/Documents/my_robot/ros_ws/install/test1/share/test1/package.zsh'
[6.240s] Level 1:colcon.colcon_core.environment:create_file_with_runtime_dependencies(/home/rahel/Documents/my_robot/ros_ws/install/test1/share/colcon-core/packages/test1)
[6.241s] DEBUG:colcon.colcon_parallel_executor.executor.parallel:closing loop
[6.242s] DEBUG:colcon.colcon_parallel_executor.executor.parallel:loop closed
[6.243s] DEBUG:colcon.colcon_parallel_executor.executor.parallel:run_until_complete finished with '0'
[6.243s] DEBUG:colcon.colcon_core.event_reactor:joining thread
[6.269s] INFO:colcon.colcon_core.plugin_system:Skipping extension 'colcon_notification.desktop_notification.terminal_notifier': Not used on non-Darwin systems
[6.270s] INFO:colcon.colcon_core.plugin_system:Skipping extension 'colcon_notification.desktop_notification.win32': Not used on non-Windows systems
[6.270s] INFO:colcon.colcon_notification.desktop_notification:Sending desktop notification using 'notify2'
[6.337s] DEBUG:colcon.colcon_core.event_reactor:joined thread
[6.340s] INFO:colcon.colcon_core.shell:Creating prefix script '/home/rahel/Documents/my_robot/ros_ws/install/local_setup.ps1'
[6.346s] INFO:colcon.colcon_core.shell:Creating prefix util module '/home/rahel/Documents/my_robot/ros_ws/install/_local_setup_util_ps1.py'
[6.361s] INFO:colcon.colcon_core.shell:Creating prefix chain script '/home/rahel/Documents/my_robot/ros_ws/install/setup.ps1'
[6.370s] INFO:colcon.colcon_core.shell:Creating prefix script '/home/rahel/Documents/my_robot/ros_ws/install/local_setup.sh'
[6.376s] INFO:colcon.colcon_core.shell:Creating prefix util module '/home/rahel/Documents/my_robot/ros_ws/install/_local_setup_util_sh.py'
[6.382s] INFO:colcon.colcon_core.shell:Creating prefix chain script '/home/rahel/Documents/my_robot/ros_ws/install/setup.sh'
[6.392s] INFO:colcon.colcon_core.shell:Creating prefix script '/home/rahel/Documents/my_robot/ros_ws/install/local_setup.bash'
[6.396s] INFO:colcon.colcon_core.shell:Creating prefix chain script '/home/rahel/Documents/my_robot/ros_ws/install/setup.bash'
[6.403s] INFO:colcon.colcon_core.shell:Creating prefix script '/home/rahel/Documents/my_robot/ros_ws/install/local_setup.zsh'
[6.408s] INFO:colcon.colcon_core.shell:Creating prefix chain script '/home/rahel/Documents/my_robot/ros_ws/install/setup.zsh'
