[1.258s] DEBUG:colcon:Command line arguments: ['/usr/bin/colcon', 'build', '--packages-select', 'test1']
[1.259s] DEBUG:colcon:Parsed command line arguments: Namespace(log_base=None, log_level=None, verb_name='build', build_base='build', install_base='install', merge_install=False, symlink_install=False, test_result_base=None, continue_on_error=False, executor='parallel', parallel_workers=4, event_handlers=None, ignore_user_meta=False, metas=['./colcon.meta'], base_paths=['.'], packages_ignore=None, packages_ignore_regex=None, paths=None, packages_up_to=None, packages_up_to_regex=None, packages_above=None, packages_above_and_dependencies=None, packages_above_depth=None, packages_select_by_dep=None, packages_skip_by_dep=None, packages_skip_up_to=None, packages_select_build_failed=False, packages_skip_build_finished=False, packages_select_test_failures=False, packages_skip_test_passed=False, packages_select=['test1'], packages_skip=None, packages_select_regex=None, packages_skip_regex=None, packages_start=None, packages_end=None, allow_overriding=[], cmake_args=None, cmake_target=None, cmake_target_skip_unavailable=False, cmake_clean_cache=False, cmake_clean_first=False, cmake_force_configure=False, ament_cmake_args=None, catkin_cmake_args=None, catkin_skip_building_tests=False, verb_parser=<colcon_defaults.argument_parser.defaults.DefaultArgumentsDecorator object at 0xffffab230190>, verb_extension=<colcon_core.verb.build.BuildVerb object at 0xffffabc7f130>, main=<bound method BuildVerb.main of <colcon_core.verb.build.BuildVerb object at 0xffffabc7f130>>)
[1.371s] Level 1:colcon.colcon_core.package_discovery:discover_packages(colcon_meta) check parameters
[1.371s] Level 1:colcon.colcon_core.package_discovery:discover_packages(recursive) check parameters
[1.372s] Level 1:colcon.colcon_core.package_discovery:discover_packages(ignore) check parameters
[1.372s] Level 1:colcon.colcon_core.package_discovery:discover_packages(path) check parameters
[1.372s] Level 1:colcon.colcon_core.package_discovery:discover_packages(colcon_meta) discover
[1.372s] Level 1:colcon.colcon_core.package_discovery:discover_packages(recursive) discover
[1.372s] INFO:colcon.colcon_core.package_discovery:Crawling recursively for packages in '/home/rahel/Documents/my_robot/ros_ws'
[1.373s] Level 1:colcon.colcon_core.package_identification:_identify(.) by extensions ['ignore', 'ignore_ament_install']
[1.373s] Level 1:colcon.colcon_core.package_identification:_identify(.) by extension 'ignore'
[1.373s] Level 1:colcon.colcon_core.package_identification:_identify(.) by extension 'ignore_ament_install'
[1.374s] Level 1:colcon.colcon_core.package_identification:_identify(.) by extensions ['colcon_pkg']
[1.374s] Level 1:colcon.colcon_core.package_identification:_identify(.) by extension 'colcon_pkg'
[1.374s] Level 1:colcon.colcon_core.package_identification:_identify(.) by extensions ['colcon_meta']
[1.374s] Level 1:colcon.colcon_core.package_identification:_identify(.) by extension 'colcon_meta'
[1.374s] Level 1:colcon.colcon_core.package_identification:_identify(.) by extensions ['ros']
[1.374s] Level 1:colcon.colcon_core.package_identification:_identify(.) by extension 'ros'
[1.420s] Level 1:colcon.colcon_core.package_identification:_identify(.) by extensions ['cmake', 'python']
[1.420s] Level 1:colcon.colcon_core.package_identification:_identify(.) by extension 'cmake'
[1.420s] Level 1:colcon.colcon_core.package_identification:_identify(.) by extension 'python'
[1.421s] Level 1:colcon.colcon_core.package_identification:_identify(.) by extensions ['python_setup_py']
[1.421s] Level 1:colcon.colcon_core.package_identification:_identify(.) by extension 'python_setup_py'
[1.421s] Level 1:colcon.colcon_core.package_identification:_identify(build) by extensions ['ignore', 'ignore_ament_install']
[1.422s] Level 1:colcon.colcon_core.package_identification:_identify(build) by extension 'ignore'
[1.422s] Level 1:colcon.colcon_core.package_identification:_identify(build) ignored
[1.423s] Level 1:colcon.colcon_core.package_identification:_identify(install) by extensions ['ignore', 'ignore_ament_install']
[1.424s] Level 1:colcon.colcon_core.package_identification:_identify(install) by extension 'ignore'
[1.424s] Level 1:colcon.colcon_core.package_identification:_identify(install) ignored
[1.425s] Level 1:colcon.colcon_core.package_identification:_identify(log) by extensions ['ignore', 'ignore_ament_install']
[1.426s] Level 1:colcon.colcon_core.package_identification:_identify(log) by extension 'ignore'
[1.426s] Level 1:colcon.colcon_core.package_identification:_identify(log) ignored
[1.427s] Level 1:colcon.colcon_core.package_identification:_identify(src) by extensions ['ignore', 'ignore_ament_install']
[1.427s] Level 1:colcon.colcon_core.package_identification:_identify(src) by extension 'ignore'
[1.427s] Level 1:colcon.colcon_core.package_identification:_identify(src) by extension 'ignore_ament_install'
[1.428s] Level 1:colcon.colcon_core.package_identification:_identify(src) by extensions ['colcon_pkg']
[1.428s] Level 1:colcon.colcon_core.package_identification:_identify(src) by extension 'colcon_pkg'
[1.428s] Level 1:colcon.colcon_core.package_identification:_identify(src) by extensions ['colcon_meta']
[1.429s] Level 1:colcon.colcon_core.package_identification:_identify(src) by extension 'colcon_meta'
[1.429s] Level 1:colcon.colcon_core.package_identification:_identify(src) by extensions ['ros']
[1.429s] Level 1:colcon.colcon_core.package_identification:_identify(src) by extension 'ros'
[1.430s] Level 1:colcon.colcon_core.package_identification:_identify(src) by extensions ['cmake', 'python']
[1.430s] Level 1:colcon.colcon_core.package_identification:_identify(src) by extension 'cmake'
[1.431s] Level 1:colcon.colcon_core.package_identification:_identify(src) by extension 'python'
[1.431s] Level 1:colcon.colcon_core.package_identification:_identify(src) by extensions ['python_setup_py']
[1.431s] Level 1:colcon.colcon_core.package_identification:_identify(src) by extension 'python_setup_py'
[1.432s] Level 1:colcon.colcon_core.package_identification:_identify(src/test1) by extensions ['ignore', 'ignore_ament_install']
[1.433s] Level 1:colcon.colcon_core.package_identification:_identify(src/test1) by extension 'ignore'
[1.433s] Level 1:colcon.colcon_core.package_identification:_identify(src/test1) by extension 'ignore_ament_install'
[1.433s] Level 1:colcon.colcon_core.package_identification:_identify(src/test1) by extensions ['colcon_pkg']
[1.433s] Level 1:colcon.colcon_core.package_identification:_identify(src/test1) by extension 'colcon_pkg'
[1.433s] Level 1:colcon.colcon_core.package_identification:_identify(src/test1) by extensions ['colcon_meta']
[1.434s] Level 1:colcon.colcon_core.package_identification:_identify(src/test1) by extension 'colcon_meta'
[1.434s] Level 1:colcon.colcon_core.package_identification:_identify(src/test1) by extensions ['ros']
[1.434s] Level 1:colcon.colcon_core.package_identification:_identify(src/test1) by extension 'ros'
[1.444s] DEBUG:colcon.colcon_core.package_identification:Package 'src/test1' with type 'ros.ament_python' and name 'test1'
[1.444s] Level 1:colcon.colcon_core.package_discovery:discover_packages(recursive) using defaults
[1.444s] Level 1:colcon.colcon_core.package_discovery:discover_packages(ignore) discover
[1.444s] Level 1:colcon.colcon_core.package_discovery:discover_packages(ignore) using defaults
[1.444s] Level 1:colcon.colcon_core.package_discovery:discover_packages(path) discover
[1.445s] Level 1:colcon.colcon_core.package_discovery:discover_packages(path) using defaults
[1.589s] Level 1:colcon.colcon_core.package_discovery:discover_packages(prefix_path) check parameters
[1.589s] Level 1:colcon.colcon_core.package_discovery:discover_packages(prefix_path) discover
[1.607s] DEBUG:colcon.colcon_installed_package_information.package_discovery:Found 279 installed packages in /opt/ros/humble
[1.614s] Level 1:colcon.colcon_core.package_discovery:discover_packages(prefix_path) using defaults
[1.905s] Level 5:colcon.colcon_core.verb:set package 'test1' build argument 'cmake_args' from command line to 'None'
[1.905s] Level 5:colcon.colcon_core.verb:set package 'test1' build argument 'cmake_target' from command line to 'None'
[1.905s] Level 5:colcon.colcon_core.verb:set package 'test1' build argument 'cmake_target_skip_unavailable' from command line to 'False'
[1.905s] Level 5:colcon.colcon_core.verb:set package 'test1' build argument 'cmake_clean_cache' from command line to 'False'
[1.906s] Level 5:colcon.colcon_core.verb:set package 'test1' build argument 'cmake_clean_first' from command line to 'False'
[1.906s] Level 5:colcon.colcon_core.verb:set package 'test1' build argument 'cmake_force_configure' from command line to 'False'
[1.906s] Level 5:colcon.colcon_core.verb:set package 'test1' build argument 'ament_cmake_args' from command line to 'None'
[1.906s] Level 5:colcon.colcon_core.verb:set package 'test1' build argument 'catkin_cmake_args' from command line to 'None'
[1.906s] Level 5:colcon.colcon_core.verb:set package 'test1' build argument 'catkin_skip_building_tests' from command line to 'False'
[1.906s] DEBUG:colcon.colcon_core.verb:Building package 'test1' with the following arguments: {'ament_cmake_args': None, 'build_base': '/home/rahel/Documents/my_robot/ros_ws/build/test1', 'catkin_cmake_args': None, 'catkin_skip_building_tests': False, 'cmake_args': None, 'cmake_clean_cache': False, 'cmake_clean_first': False, 'cmake_force_configure': False, 'cmake_target': None, 'cmake_target_skip_unavailable': False, 'install_base': '/home/rahel/Documents/my_robot/ros_ws/install/test1', 'merge_install': False, 'path': '/home/rahel/Documents/my_robot/ros_ws/src/test1', 'symlink_install': False, 'test_result_base': None}
[1.908s] INFO:colcon.colcon_core.executor:Executing jobs using 'parallel' executor
[1.915s] DEBUG:colcon.colcon_parallel_executor.executor.parallel:run_until_complete
[1.916s] INFO:colcon.colcon_ros.task.ament_python.build:Building ROS package in '/home/rahel/Documents/my_robot/ros_ws/src/test1' with build type 'ament_python'
[1.917s] Level 1:colcon.colcon_core.shell:create_environment_hook('test1', 'ament_prefix_path')
[1.933s] INFO:colcon.colcon_core.plugin_system:Skipping extension 'colcon_core.shell.bat': Not used on non-Windows systems
[1.934s] INFO:colcon.colcon_core.shell:Creating environment hook '/home/rahel/Documents/my_robot/ros_ws/install/test1/share/test1/hook/ament_prefix_path.ps1'
[1.939s] INFO:colcon.colcon_core.shell:Creating environment descriptor '/home/rahel/Documents/my_robot/ros_ws/install/test1/share/test1/hook/ament_prefix_path.dsv'
[1.942s] INFO:colcon.colcon_core.shell:Creating environment hook '/home/rahel/Documents/my_robot/ros_ws/install/test1/share/test1/hook/ament_prefix_path.sh'
[1.948s] INFO:colcon.colcon_core.shell:Skip shell extension 'powershell' for command environment: Not usable outside of PowerShell
[1.949s] DEBUG:colcon.colcon_core.shell:Skip shell extension 'dsv' for command environment
[3.188s] INFO:colcon.colcon_core.task.python.build:Building Python package in '/home/rahel/Documents/my_robot/ros_ws/src/test1'
[3.191s] INFO:colcon.colcon_core.shell:Skip shell extension 'powershell' for command environment: Not usable outside of PowerShell
[3.192s] DEBUG:colcon.colcon_core.shell:Skip shell extension 'dsv' for command environment
[4.728s] DEBUG:colcon.colcon_core.event_handler.log_command:Invoking command in '/home/rahel/Documents/my_robot/ros_ws/src/test1': PYTHONPATH=/home/rahel/Documents/my_robot/ros_ws/install/test1/lib/python3.10/site-packages:${PYTHONPATH} /usr/bin/python3 setup.py egg_info --egg-base ../../build/test1 build --build-base /home/rahel/Documents/my_robot/ros_ws/build/test1/build install --prefix /home/rahel/Documents/my_robot/ros_ws/install/test1 --record /home/rahel/Documents/my_robot/ros_ws/build/test1/install.log --single-version-externally-managed
[6.127s] DEBUG:colcon.colcon_core.event_handler.log_command:Invoked command in '/home/rahel/Documents/my_robot/ros_ws/src/test1' returned '0': PYTHONPATH=/home/rahel/Documents/my_robot/ros_ws/install/test1/lib/python3.10/site-packages:${PYTHONPATH} /usr/bin/python3 setup.py egg_info --egg-base ../../build/test1 build --build-base /home/rahel/Documents/my_robot/ros_ws/build/test1/build install --prefix /home/rahel/Documents/my_robot/ros_ws/install/test1 --record /home/rahel/Documents/my_robot/ros_ws/build/test1/install.log --single-version-externally-managed
[6.148s] Level 1:colcon.colcon_core.environment:checking '/home/rahel/Documents/my_robot/ros_ws/install/test1' for CMake module files
[6.153s] Level 1:colcon.colcon_core.environment:checking '/home/rahel/Documents/my_robot/ros_ws/install/test1' for CMake config files
[6.158s] Level 1:colcon.colcon_core.environment:checking '/home/rahel/Documents/my_robot/ros_ws/install/test1/lib'
[6.159s] Level 1:colcon.colcon_core.environment:checking '/home/rahel/Documents/my_robot/ros_ws/install/test1/bin'
[6.159s] Level 1:colcon.colcon_core.environment:checking '/home/rahel/Documents/my_robot/ros_ws/install/test1/lib/pkgconfig/test1.pc'
[6.161s] Level 1:colcon.colcon_core.environment:checking '/home/rahel/Documents/my_robot/ros_ws/install/test1/lib/python3.10/site-packages'
[6.161s] Level 1:colcon.colcon_core.shell:create_environment_hook('test1', 'pythonpath')
[6.164s] INFO:colcon.colcon_core.shell:Creating environment hook '/home/rahel/Documents/my_robot/ros_ws/install/test1/share/test1/hook/pythonpath.ps1'
[6.166s] INFO:colcon.colcon_core.shell:Creating environment descriptor '/home/rahel/Documents/my_robot/ros_ws/install/test1/share/test1/hook/pythonpath.dsv'
[6.169s] INFO:colcon.colcon_core.shell:Creating environment hook '/home/rahel/Documents/my_robot/ros_ws/install/test1/share/test1/hook/pythonpath.sh'
[6.172s] Level 1:colcon.colcon_core.environment:checking '/home/rahel/Documents/my_robot/ros_ws/install/test1/bin'
[6.173s] Level 1:colcon.colcon_core.environment:create_environment_scripts_only(test1)
[6.176s] INFO:colcon.colcon_core.shell:Creating package script '/home/rahel/Documents/my_robot/ros_ws/install/test1/share/test1/package.ps1'
[6.181s] INFO:colcon.colcon_core.shell:Creating package descriptor '/home/rahel/Documents/my_robot/ros_ws/install/test1/share/test1/package.dsv'
[6.186s] INFO:colcon.colcon_core.shell:Creating package script '/home/rahel/Documents/my_robot/ros_ws/install/test1/share/test1/package.sh'
[6.190s] INFO:colcon.colcon_core.shell:Creating package script '/home/rahel/Documents/my_robot/ros_ws/install/test1/share/test1/package.bash'
[6.194s] INFO:colcon.colcon_core.shell:Creating package script '/home/rahel/Documents/my_robot/ros_ws/install/test1/share/test1/package.zsh'
[6.198s] Level 1:colcon.colcon_core.environment:create_file_with_runtime_dependencies(/home/rahel/Documents/my_robot/ros_ws/install/test1/share/colcon-core/packages/test1)
[6.201s] DEBUG:colcon.colcon_parallel_executor.executor.parallel:closing loop
[6.202s] DEBUG:colcon.colcon_parallel_executor.executor.parallel:loop closed
[6.203s] DEBUG:colcon.colcon_parallel_executor.executor.parallel:run_until_complete finished with '0'
[6.203s] DEBUG:colcon.colcon_core.event_reactor:joining thread
[6.243s] INFO:colcon.colcon_core.plugin_system:Skipping extension 'colcon_notification.desktop_notification.terminal_notifier': Not used on non-Darwin systems
[6.243s] INFO:colcon.colcon_core.plugin_system:Skipping extension 'colcon_notification.desktop_notification.win32': Not used on non-Windows systems
[6.244s] INFO:colcon.colcon_notification.desktop_notification:Sending desktop notification using 'notify2'
[6.301s] DEBUG:colcon.colcon_core.event_reactor:joined thread
[6.304s] INFO:colcon.colcon_core.shell:Creating prefix script '/home/rahel/Documents/my_robot/ros_ws/install/local_setup.ps1'
[6.309s] INFO:colcon.colcon_core.shell:Creating prefix util module '/home/rahel/Documents/my_robot/ros_ws/install/_local_setup_util_ps1.py'
[6.319s] INFO:colcon.colcon_core.shell:Creating prefix chain script '/home/rahel/Documents/my_robot/ros_ws/install/setup.ps1'
[6.328s] INFO:colcon.colcon_core.shell:Creating prefix script '/home/rahel/Documents/my_robot/ros_ws/install/local_setup.sh'
[6.335s] INFO:colcon.colcon_core.shell:Creating prefix util module '/home/rahel/Documents/my_robot/ros_ws/install/_local_setup_util_sh.py'
[6.343s] INFO:colcon.colcon_core.shell:Creating prefix chain script '/home/rahel/Documents/my_robot/ros_ws/install/setup.sh'
[6.355s] INFO:colcon.colcon_core.shell:Creating prefix script '/home/rahel/Documents/my_robot/ros_ws/install/local_setup.bash'
[6.360s] INFO:colcon.colcon_core.shell:Creating prefix chain script '/home/rahel/Documents/my_robot/ros_ws/install/setup.bash'
[6.368s] INFO:colcon.colcon_core.shell:Creating prefix script '/home/rahel/Documents/my_robot/ros_ws/install/local_setup.zsh'
[6.373s] INFO:colcon.colcon_core.shell:Creating prefix chain script '/home/rahel/Documents/my_robot/ros_ws/install/setup.zsh'
